#
# There is insufficient memory for the Java Runtime Environment to continue.
# Native memory allocation (malloc) failed to allocate 834576 bytes for Chunk::new
# Possible reasons:
#   The system is out of physical RAM or swap space
#   The process is running with CompressedOops enabled, and the Java Heap may be blocking the growth of the native heap
# Possible solutions:
#   Reduce memory load on the system
#   Increase physical memory or swap space
#   Check if swap backing store is full
#   Decrease Java heap size (-Xmx/-Xms)
#   Decrease number of Java threads
#   Decrease Java thread stack sizes (-Xss)
#   Set larger code cache with -XX:ReservedCodeCacheSize=
#   JVM is running with Unscaled Compressed Oops mode in which the Java heap is
#     placed in the first 4GB address space. The Java Heap base address is the
#     maximum limit for the native heap growth. Please use -XX:HeapBaseMinAddress
#     to set the Java Heap base and to place the Java Heap above 4GB virtual address.
# This output file may be truncated or incomplete.
#
#  Out of Memory Error (allocation.cpp:389), pid=13836, tid=0x0000000000003d50
#
# JRE version: OpenJDK Runtime Environment (8.0_202-b03) (build 1.8.0_202-release-1483-b03)
# Java VM: OpenJDK 64-Bit Server VM (25.202-b03 mixed mode windows-amd64 compressed oops)
# Failed to write core dump. Minidumps are not enabled by default on client versions of Windows
#

---------------  T H R E A D  ---------------

Current thread (0x000000001413e800):  JavaThread "C2 CompilerThread0" daemon [_thread_in_native, id=15696, stack(0x00000000157a0000,0x00000000158a0000)]

Stack: [0x00000000157a0000,0x00000000158a0000]
[error occurred during error reporting (printing stack bounds), id 0xc0000005]

Native frames: (J=compiled Java code, j=interpreted, Vv=VM code, C=native code)


Current CompileTask:
C2:   9740 2131       4       groovy.lang.MetaClassImpl$1MOPIter::methodNameAction (325 bytes)


---------------  P R O C E S S  ---------------

Java Threads: ( => current thread )
  0x0000000017559800 JavaThread "Cache worker for file hash cache (C:\xampp2\htdocs\Native\AwesomeProject\android\.gradle\5.4.1\fileHashes)" [_thread_blocked, id=10120, stack(0x000000001b290000,0x000000001b390000)]
  0x000000001755c800 JavaThread "Cache worker for journal cache (C:\Users\heran\.gradle\caches\journal-1)" [_thread_blocked, id=748, stack(0x0000000018ef0000,0x0000000018ff0000)]
  0x0000000017559000 JavaThread "File lock request listener" [_thread_in_native, id=3824, stack(0x0000000018bf0000,0x0000000018cf0000)]
  0x00000000177dd800 JavaThread "Cache worker for file hash cache (C:\Users\heran\.gradle\caches\5.4.1\fileHashes)" [_thread_blocked, id=5532, stack(0x0000000018af0000,0x0000000018bf0000)]
  0x0000000017539000 JavaThread "Thread-9" [_thread_blocked, id=4264, stack(0x00000000189f0000,0x0000000018af0000)]
  0x0000000017536000 JavaThread "Stdin handler" [_thread_blocked, id=16576, stack(0x00000000188f0000,0x00000000189f0000)]
  0x0000000017535000 JavaThread "Asynchronous log dispatcher for DefaultDaemonConnection: socket connection from /127.0.0.1:1091 to /127.0.0.1:1097" [_thread_blocked, id=9248, stack(0x00000000187f0000,0x00000000188f0000)]
  0x0000000017424000 JavaThread "Daemon worker" [_thread_in_vm, id=14112, stack(0x00000000186f0000,0x00000000187f0000)]
  0x0000000017422800 JavaThread "Cancel handler" [_thread_blocked, id=14264, stack(0x00000000185f0000,0x00000000186f0000)]
  0x0000000016e5a800 JavaThread "Handler for socket connection from /127.0.0.1:1091 to /127.0.0.1:1097" [_thread_in_native, id=7316, stack(0x00000000182f0000,0x00000000183f0000)]
  0x0000000016e51800 JavaThread "Daemon" [_thread_blocked, id=19208, stack(0x00000000181f0000,0x00000000182f0000)]
  0x0000000016e37000 JavaThread "Daemon periodic checks" [_thread_blocked, id=3616, stack(0x00000000180f0000,0x00000000181f0000)]
  0x0000000016e2e800 JavaThread "Incoming local TCP Connector on port 1091" [_thread_in_native, id=6880, stack(0x0000000017eb0000,0x0000000017fb0000)]
  0x000000001739a000 JavaThread "Daemon health stats" [_thread_blocked, id=18280, stack(0x0000000017870000,0x0000000017970000)]
  0x000000001419c800 JavaThread "Service Thread" daemon [_thread_blocked, id=16160, stack(0x0000000015ea0000,0x0000000015fa0000)]
  0x000000001414d000 JavaThread "C1 CompilerThread2" daemon [_thread_blocked, id=13248, stack(0x00000000159a0000,0x0000000015aa0000)]
  0x0000000014148800 JavaThread "C2 CompilerThread1" daemon [_thread_in_native, id=17976, stack(0x00000000158a0000,0x00000000159a0000)]
=>0x000000001413e800 JavaThread "C2 CompilerThread0" daemon [_thread_in_native, id=15696, stack(0x00000000157a0000,0x00000000158a0000)]
  0x000000001413d800 JavaThread "Attach Listener" daemon [_thread_blocked, id=9480, stack(0x00000000156a0000,0x00000000157a0000)]
  0x000000001413a000 JavaThread "Signal Dispatcher" daemon [_thread_blocked, id=10912, stack(0x00000000155a0000,0x00000000156a0000)]
  0x0000000002d1b800 JavaThread "Finalizer" daemon [_thread_blocked, id=12680, stack(0x00000000153a0000,0x00000000154a0000)]
  0x0000000014129000 JavaThread "Reference Handler" daemon [_thread_blocked, id=11480, stack(0x00000000152a0000,0x00000000153a0000)]
  0x0000000002c1e800 JavaThread "main" [_thread_blocked, id=1380, stack(0x0000000002b00000,0x0000000002c00000)]

Other Threads:
  0x0000000014107000 VMThread [stack: 0x00000000151a0000,0x00000000152a0000] [id=17476]
  0x0000000015aca800 WatcherThread [stack: 0x0000000015fa0000,0x00000000160a0000] [id=15884]

VM state:not at safepoint (normal execution)

VM Mutex/Monitor currently owned by a thread: None

heap address: 0x00000000e0000000, size: 512 MB, Compressed Oops mode: 32-bit
Narrow klass base: 0x0000000000000000, Narrow klass shift: 3
Compressed class space size: 1073741824 Address: 0x0000000100000000

Heap:
 PSYoungGen      total 76288K, used 43935K [0x00000000f5580000, 0x00000000fea80000, 0x0000000100000000)
  eden space 65536K, 67% used [0x00000000f5580000,0x00000000f8067c60,0x00000000f9580000)
  from space 10752K, 0% used [0x00000000f9580000,0x00000000f9580000,0x00000000fa000000)
  to   space 10752K, 0% used [0x00000000fe000000,0x00000000fe000000,0x00000000fea80000)
 ParOldGen       total 175104K, used 11495K [0x00000000e0000000, 0x00000000eab00000, 0x00000000f5580000)
  object space 175104K, 6% used [0x00000000e0000000,0x00000000e0b39ea8,0x00000000eab00000)
 Metaspace       used 26330K, capacity 26906K, committed 27136K, reserved 1073152K
  class space    used 3542K, capacity 3752K, committed 3840K, reserved 1048576K

Card table byte_map: [0x00000000120e0000,0x00000000121f0000] byte_map_base: 0x00000000119e0000

Marking Bits: (ParMarkBitMap*) 0x00000000623b9f30
 Begin Bits: [0x00000000126a0000, 0x0000000012ea0000)
 End Bits:   [0x0000000012ea0000, 0x00000000136a0000)

Polling page: 0x0000000002a30000

CodeCache: size=245760Kb used=8540Kb max_used=8540Kb free=237219Kb
 bounds [0x0000000002d20000, 0x0000000003580000, 0x0000000011d20000]
 total_blobs=2833 nmethods=2170 adapters=576
 compilation: enabled

Compilation events (10 events):
Event: 8.581 Thread 0x000000001414d000 2171       3       groovyjarjarasm.asm.SymbolTable::put (150 bytes)
Event: 8.582 Thread 0x000000001414d000 nmethod 2171 0x00000000035790d0 code [0x0000000003579280, 0x00000000035799b0]
Event: 8.592 Thread 0x000000001414d000 2172       3       java.lang.reflect.AccessibleObject::setAccessible (37 bytes)
Event: 8.593 Thread 0x000000001414d000 nmethod 2172 0x0000000003579dd0 code [0x0000000003579f60, 0x000000000357a2f8]
Event: 8.603 Thread 0x000000001414d000 2173       3       java.lang.StringBuffer::<init> (18 bytes)
Event: 8.603 Thread 0x000000001414d000 nmethod 2173 0x000000000357a490 code [0x000000000357a620, 0x000000000357ac68]
Event: 9.160 Thread 0x000000001414d000 2175       3       java.util.concurrent.locks.AbstractQueuedSynchronizer::enq (58 bytes)
Event: 9.161 Thread 0x000000001414d000 nmethod 2175 0x000000000357b250 code [0x000000000357b3e0, 0x000000000357b910]
Event: 9.321 Thread 0x000000001414d000 2176       3       java.util.concurrent.locks.AbstractQueuedSynchronizer$ConditionObject::unlinkCancelledWaiters (67 bytes)
Event: 9.321 Thread 0x000000001414d000 nmethod 2176 0x000000000357bb10 code [0x000000000357bc80, 0x000000000357bfd0]

GC Heap History (8 events):
Event: 1.919 GC heap before
{Heap before GC invocations=1 (full 0):
 PSYoungGen      total 76288K, used 65536K [0x00000000f5580000, 0x00000000faa80000, 0x0000000100000000)
  eden space 65536K, 100% used [0x00000000f5580000,0x00000000f9580000,0x00000000f9580000)
  from space 10752K, 0% used [0x00000000fa000000,0x00000000fa000000,0x00000000faa80000)
  to   space 10752K, 0% used [0x00000000f9580000,0x00000000f9580000,0x00000000fa000000)
 ParOldGen       total 175104K, used 0K [0x00000000e0000000, 0x00000000eab00000, 0x00000000f5580000)
  object space 175104K, 0% used [0x00000000e0000000,0x00000000e0000000,0x00000000eab00000)
 Metaspace       used 8532K, capacity 8770K, committed 8832K, reserved 1056768K
  class space    used 1098K, capacity 1141K, committed 1152K, reserved 1048576K
Event: 1.929 GC heap after
Heap after GC invocations=1 (full 0):
 PSYoungGen      total 76288K, used 6611K [0x00000000f5580000, 0x00000000faa80000, 0x0000000100000000)
  eden space 65536K, 0% used [0x00000000f5580000,0x00000000f5580000,0x00000000f9580000)
  from space 10752K, 61% used [0x00000000f9580000,0x00000000f9bf4d90,0x00000000fa000000)
  to   space 10752K, 0% used [0x00000000fa000000,0x00000000fa000000,0x00000000faa80000)
 ParOldGen       total 175104K, used 8K [0x00000000e0000000, 0x00000000eab00000, 0x00000000f5580000)
  object space 175104K, 0% used [0x00000000e0000000,0x00000000e0002000,0x00000000eab00000)
 Metaspace       used 8532K, capacity 8770K, committed 8832K, reserved 1056768K
  class space    used 1098K, capacity 1141K, committed 1152K, reserved 1048576K
}
Event: 5.386 GC heap before
{Heap before GC invocations=2 (full 0):
 PSYoungGen      total 76288K, used 72147K [0x00000000f5580000, 0x00000000faa80000, 0x0000000100000000)
  eden space 65536K, 100% used [0x00000000f5580000,0x00000000f9580000,0x00000000f9580000)
  from space 10752K, 61% used [0x00000000f9580000,0x00000000f9bf4d90,0x00000000fa000000)
  to   space 10752K, 0% used [0x00000000fa000000,0x00000000fa000000,0x00000000faa80000)
 ParOldGen       total 175104K, used 8K [0x00000000e0000000, 0x00000000eab00000, 0x00000000f5580000)
  object space 175104K, 0% used [0x00000000e0000000,0x00000000e0002000,0x00000000eab00000)
 Metaspace       used 15418K, capacity 15784K, committed 16000K, reserved 1062912K
  class space    used 2186K, capacity 2328K, committed 2432K, reserved 1048576K
Event: 5.525 GC heap after
Heap after GC invocations=2 (full 0):
 PSYoungGen      total 76288K, used 10146K [0x00000000f5580000, 0x00000000fea80000, 0x0000000100000000)
  eden space 65536K, 0% used [0x00000000f5580000,0x00000000f5580000,0x00000000f9580000)
  from space 10752K, 94% used [0x00000000fa000000,0x00000000fa9e88a8,0x00000000faa80000)
  to   space 10752K, 0% used [0x00000000f9580000,0x00000000f9580000,0x00000000fa000000)
 ParOldGen       total 175104K, used 16K [0x00000000e0000000, 0x00000000eab00000, 0x00000000f5580000)
  object space 175104K, 0% used [0x00000000e0000000,0x00000000e0004000,0x00000000eab00000)
 Metaspace       used 15418K, capacity 15784K, committed 16000K, reserved 1062912K
  class space    used 2186K, capacity 2328K, committed 2432K, reserved 1048576K
}
Event: 6.922 GC heap before
{Heap before GC invocations=3 (full 0):
 PSYoungGen      total 76288K, used 63850K [0x00000000f5580000, 0x00000000fea80000, 0x0000000100000000)
  eden space 65536K, 81% used [0x00000000f5580000,0x00000000f89f2298,0x00000000f9580000)
  from space 10752K, 94% used [0x00000000fa000000,0x00000000fa9e88a8,0x00000000faa80000)
  to   space 10752K, 0% used [0x00000000f9580000,0x00000000f9580000,0x00000000fa000000)
 ParOldGen       total 175104K, used 16K [0x00000000e0000000, 0x00000000eab00000, 0x00000000f5580000)
  object space 175104K, 0% used [0x00000000e0000000,0x00000000e0004000,0x00000000eab00000)
 Metaspace       used 20695K, capacity 21142K, committed 21296K, reserved 1067008K
  class space    used 2953K, capacity 3119K, committed 3200K, reserved 1048576K
Event: 6.951 GC heap after
Heap after GC invocations=3 (full 0):
 PSYoungGen      total 76288K, used 10727K [0x00000000f5580000, 0x00000000fea80000, 0x0000000100000000)
  eden space 65536K, 0% used [0x00000000f5580000,0x00000000f5580000,0x00000000f9580000)
  from space 10752K, 99% used [0x00000000f9580000,0x00000000f9ff9f80,0x00000000fa000000)
  to   space 10752K, 0% used [0x00000000fe000000,0x00000000fe000000,0x00000000fea80000)
 ParOldGen       total 175104K, used 1110K [0x00000000e0000000, 0x00000000eab00000, 0x00000000f5580000)
  object space 175104K, 0% used [0x00000000e0000000,0x00000000e0115ac8,0x00000000eab00000)
 Metaspace       used 20695K, capacity 21142K, committed 21296K, reserved 1067008K
  class space    used 2953K, capacity 3119K, committed 3200K, reserved 1048576K
}
Event: 6.951 GC heap before
{Heap before GC invocations=4 (full 1):
 PSYoungGen      total 76288K, used 10727K [0x00000000f5580000, 0x00000000fea80000, 0x0000000100000000)
  eden space 65536K, 0% used [0x00000000f5580000,0x00000000f5580000,0x00000000f9580000)
  from space 10752K, 99% used [0x00000000f9580000,0x00000000f9ff9f80,0x00000000fa000000)
  to   space 10752K, 0% used [0x00000000fe000000,0x00000000fe000000,0x00000000fea80000)
 ParOldGen       total 175104K, used 1110K [0x00000000e0000000, 0x00000000eab00000, 0x00000000f5580000)
  object space 175104K, 0% used [0x00000000e0000000,0x00000000e0115ac8,0x00000000eab00000)
 Metaspace       used 20695K, capacity 21142K, committed 21296K, reserved 1067008K
  class space    used 2953K, capacity 3119K, committed 3200K, reserved 1048576K
Event: 7.019 GC heap after
Heap after GC invocations=4 (full 1):
 PSYoungGen      total 76288K, used 0K [0x00000000f5580000, 0x00000000fea80000, 0x0000000100000000)
  eden space 65536K, 0% used [0x00000000f5580000,0x00000000f5580000,0x00000000f9580000)
  from space 10752K, 0% used [0x00000000f9580000,0x00000000f9580000,0x00000000fa000000)
  to   space 10752K, 0% used [0x00000000fe000000,0x00000000fe000000,0x00000000fea80000)
 ParOldGen       total 175104K, used 11495K [0x00000000e0000000, 0x00000000eab00000, 0x00000000f5580000)
  object space 175104K, 6% used [0x00000000e0000000,0x00000000e0b39ea8,0x00000000eab00000)
 Metaspace       used 20695K, capacity 21142K, committed 21296K, reserved 1067008K
  class space    used 2953K, capacity 3119K, committed 3200K, reserved 1048576K
}

Deoptimization events (10 events):
Event: 7.740 Thread 0x0000000017424000 Uncommon trap: reason=class_check action=maybe_recompile pc=0x000000000331c9c0 method=sun.misc.URLClassPath.getLoader(I)Lsun/misc/URLClassPath$Loader; @ 239
Event: 8.256 Thread 0x0000000017424000 Uncommon trap: reason=class_check action=maybe_recompile pc=0x000000000331c8e0 method=sun.misc.URLClassPath.getLoader(I)Lsun/misc/URLClassPath$Loader; @ 94
Event: 8.312 Thread 0x0000000017424000 Uncommon trap: reason=class_check action=maybe_recompile pc=0x0000000003546dcc method=org.codehaus.groovy.runtime.metaclass.MetaMethodIndex.addMethodToList(Ljava/lang/Object;Lgroovy/lang/MetaMethod;)Ljava/lang/Object; @ 240
Event: 8.312 Thread 0x0000000017424000 Uncommon trap: reason=class_check action=maybe_recompile pc=0x0000000003546dcc method=org.codehaus.groovy.runtime.metaclass.MetaMethodIndex.addMethodToList(Ljava/lang/Object;Lgroovy/lang/MetaMethod;)Ljava/lang/Object; @ 240
Event: 8.312 Thread 0x0000000017424000 Uncommon trap: reason=class_check action=maybe_recompile pc=0x0000000003546dcc method=org.codehaus.groovy.runtime.metaclass.MetaMethodIndex.addMethodToList(Ljava/lang/Object;Lgroovy/lang/MetaMethod;)Ljava/lang/Object; @ 240
Event: 8.327 Thread 0x0000000017424000 Uncommon trap: reason=class_check action=maybe_recompile pc=0x0000000003546dcc method=org.codehaus.groovy.runtime.metaclass.MetaMethodIndex.addMethodToList(Ljava/lang/Object;Lgroovy/lang/MetaMethod;)Ljava/lang/Object; @ 240
Event: 8.414 Thread 0x0000000017424000 Uncommon trap: reason=bimorphic action=maybe_recompile pc=0x0000000003556948 method=org.codehaus.groovy.runtime.metaclass.MetaMethodIndex.addMethodToList(Ljava/lang/Object;Lgroovy/lang/MetaMethod;)Ljava/lang/Object; @ 130
Event: 8.414 Thread 0x0000000017424000 Uncommon trap: reason=bimorphic action=maybe_recompile pc=0x0000000003556948 method=org.codehaus.groovy.runtime.metaclass.MetaMethodIndex.addMethodToList(Ljava/lang/Object;Lgroovy/lang/MetaMethod;)Ljava/lang/Object; @ 130
Event: 8.414 Thread 0x0000000017424000 Uncommon trap: reason=bimorphic action=maybe_recompile pc=0x0000000003556948 method=org.codehaus.groovy.runtime.metaclass.MetaMethodIndex.addMethodToList(Ljava/lang/Object;Lgroovy/lang/MetaMethod;)Ljava/lang/Object; @ 130
Event: 8.414 Thread 0x0000000017424000 Uncommon trap: reason=bimorphic action=maybe_recompile pc=0x0000000003556948 method=org.codehaus.groovy.runtime.metaclass.MetaMethodIndex.addMethodToList(Ljava/lang/Object;Lgroovy/lang/MetaMethod;)Ljava/lang/Object; @ 130

Classes redefined (0 events):
No events

Internal exceptions (10 events):
Event: 8.562 Thread 0x0000000017424000 Exception <a 'java/lang/ClassNotFoundException': java/util/ArrayListBeanInfo> (0x00000000f7e51f88) thrown at [D:\src\AOSP-openjdk-cygwin\jdk8u\hotspot\src\share\vm\classfile\systemDictionary.cpp, line 210]
Event: 8.562 Thread 0x0000000017424000 Exception <a 'java/lang/ClassNotFoundException': java/util/AbstractListBeanInfo> (0x00000000f7e55658) thrown at [D:\src\AOSP-openjdk-cygwin\jdk8u\hotspot\src\share\vm\classfile\systemDictionary.cpp, line 210]
Event: 8.563 Thread 0x0000000017424000 Exception <a 'java/lang/ClassNotFoundException': java/util/AbstractCollectionBeanInfo> (0x00000000f7e58e48) thrown at [D:\src\AOSP-openjdk-cygwin\jdk8u\hotspot\src\share\vm\classfile\systemDictionary.cpp, line 210]
Event: 8.563 Thread 0x0000000017424000 Exception <a 'java/lang/ClassNotFoundException': java/util/AbstractCollectionCustomizer> (0x00000000f7e5c670) thrown at [D:\src\AOSP-openjdk-cygwin\jdk8u\hotspot\src\share\vm\classfile\systemDictionary.cpp, line 210]
Event: 8.568 Thread 0x0000000017424000 Exception <a 'java/lang/ClassNotFoundException': java/util/AbstractListCustomizer> (0x00000000f7e6bdf0) thrown at [D:\src\AOSP-openjdk-cygwin\jdk8u\hotspot\src\share\vm\classfile\systemDictionary.cpp, line 210]
Event: 8.571 Thread 0x0000000017424000 Exception <a 'java/lang/ClassNotFoundException': java/util/ArrayListCustomizer> (0x00000000f7e7d4c0) thrown at [D:\src\AOSP-openjdk-cygwin\jdk8u\hotspot\src\share\vm\classfile\systemDictionary.cpp, line 210]
Event: 8.598 Thread 0x0000000017424000 Exception <a 'java/lang/ClassNotFoundException': org/gradle/internal/logging/slf4j/OutputEventListenerBackedLoggerBeanInfo> (0x00000000f7f6bdd8) thrown at [D:\src\AOSP-openjdk-cygwin\jdk8u\hotspot\src\share\vm\classfile\systemDictionary.cpp, line 210]
Event: 8.599 Thread 0x0000000017424000 Exception <a 'java/lang/ClassNotFoundException': org/gradle/internal/logging/slf4j/BuildOperationAwareLoggerBeanInfo> (0x00000000f7f9bae8) thrown at [D:\src\AOSP-openjdk-cygwin\jdk8u\hotspot\src\share\vm\classfile\systemDictionary.cpp, line 210]
Event: 8.600 Thread 0x0000000017424000 Exception <a 'java/lang/ClassNotFoundException': org/gradle/internal/logging/slf4j/BuildOperationAwareLoggerCustomizer> (0x00000000f7fcc0f0) thrown at [D:\src\AOSP-openjdk-cygwin\jdk8u\hotspot\src\share\vm\classfile\systemDictionary.cpp, line 210]
Event: 8.602 Thread 0x0000000017424000 Exception <a 'java/lang/ClassNotFoundException': org/gradle/internal/logging/slf4j/OutputEventListenerBackedLoggerCustomizer> (0x00000000f8003998) thrown at [D:\src\AOSP-openjdk-cygwin\jdk8u\hotspot\src\share\vm\classfile\systemDictionary.cpp, line 210]

Events (10 events):
Event: 8.601 loading class org/gradle/internal/logging/slf4j/OutputEventListenerBackedLoggerCustomizer
Event: 8.601 loading class org/gradle/internal/logging/slf4j/OutputEventListenerBackedLoggerCustomizer done
Event: 8.601 loading class org/gradle/internal/logging/slf4j/OutputEventListenerBackedLoggerCustomizer
Event: 8.601 loading class org/gradle/internal/logging/slf4j/OutputEventListenerBackedLoggerCustomizer done
Event: 8.601 loading class org/gradle/internal/logging/slf4j/OutputEventListenerBackedLoggerCustomizer
Event: 8.601 loading class org/gradle/internal/logging/slf4j/OutputEventListenerBackedLoggerCustomizer done
Event: 8.602 loading class org/gradle/internal/logging/slf4j/OutputEventListenerBackedLoggerCustomizer
Event: 8.602 loading class org/gradle/internal/logging/slf4j/OutputEventListenerBackedLoggerCustomizer done
Event: 8.605 loading class org/codehaus/groovy/runtime/callsite/PojoMetaMethodSite$PojoCachedMethodSiteNoUnwrap
Event: 8.605 loading class org/codehaus/groovy/runtime/callsite/PojoMetaMethodSite$PojoCachedMethodSiteNoUnwrap done


Dynamic libraries:
0x00007ff6680a0000 - 0x00007ff6680d1000 	C:\Program Files\Android\Android Studio\jre\bin\java.exe
0x00007ffd0d8a0000 - 0x00007ffd0da90000 	C:\WINDOWS\SYSTEM32\ntdll.dll
0x00007ffd0d140000 - 0x00007ffd0d1f2000 	C:\WINDOWS\System32\KERNEL32.DLL
0x00007ffd0a860000 - 0x00007ffd0ab03000 	C:\WINDOWS\System32\KERNELBASE.dll
0x00007ffd0bcd0000 - 0x00007ffd0bd73000 	C:\WINDOWS\System32\ADVAPI32.dll
0x00007ffd0d420000 - 0x00007ffd0d4be000 	C:\WINDOWS\System32\msvcrt.dll
0x00007ffd0d380000 - 0x00007ffd0d417000 	C:\WINDOWS\System32\sechost.dll
0x00007ffd0c830000 - 0x00007ffd0c950000 	C:\WINDOWS\System32\RPCRT4.dll
0x00007ffd0cea0000 - 0x00007ffd0d033000 	C:\WINDOWS\System32\USER32.dll
0x00007ffd0abc0000 - 0x00007ffd0abe1000 	C:\WINDOWS\System32\win32u.dll
0x00007ffd0d110000 - 0x00007ffd0d136000 	C:\WINDOWS\System32\GDI32.dll
0x00007ffd0b550000 - 0x00007ffd0b6e4000 	C:\WINDOWS\System32\gdi32full.dll
0x00007ffd0b6f0000 - 0x00007ffd0b78e000 	C:\WINDOWS\System32\msvcp_win.dll
0x00007ffd0b3f0000 - 0x00007ffd0b4ea000 	C:\WINDOWS\System32\ucrtbase.dll
0x00007ffcf59b0000 - 0x00007ffcf5c35000 	C:\WINDOWS\WinSxS\amd64_microsoft.windows.common-controls_6595b64144ccf1df_6.0.18362.356_none_e6c4af7d130f27cc\COMCTL32.dll
0x00007ffd0c470000 - 0x00007ffd0c7a6000 	C:\WINDOWS\System32\combase.dll
0x00007ffd0abf0000 - 0x00007ffd0ac70000 	C:\WINDOWS\System32\bcryptPrimitives.dll
0x00007ffd0d350000 - 0x00007ffd0d37e000 	C:\WINDOWS\System32\IMM32.DLL
0x0000000061860000 - 0x0000000061932000 	C:\Program Files\Android\Android Studio\jre\jre\bin\msvcr100.dll
0x0000000061bf0000 - 0x0000000062436000 	C:\Program Files\Android\Android Studio\jre\jre\bin\server\jvm.dll
0x00007ffd0d7a0000 - 0x00007ffd0d7a8000 	C:\WINDOWS\System32\PSAPI.DLL
0x00007ffcf01d0000 - 0x00007ffcf01d9000 	C:\WINDOWS\SYSTEM32\WSOCK32.dll
0x00007ffd08200000 - 0x00007ffd08224000 	C:\WINDOWS\SYSTEM32\WINMM.dll
0x00007ffcfce00000 - 0x00007ffcfce0a000 	C:\WINDOWS\SYSTEM32\VERSION.dll
0x00007ffd0d520000 - 0x00007ffd0d58f000 	C:\WINDOWS\System32\WS2_32.dll
0x00007ffd081d0000 - 0x00007ffd081fd000 	C:\WINDOWS\SYSTEM32\winmmbase.dll
0x00007ffd0b8e0000 - 0x00007ffd0b92a000 	C:\WINDOWS\System32\cfgmgr32.dll
0x00007ffd06d10000 - 0x00007ffd06d1f000 	C:\Program Files\Android\Android Studio\jre\jre\bin\verify.dll
0x00007ffcff290000 - 0x00007ffcff2b9000 	C:\Program Files\Android\Android Studio\jre\jre\bin\java.dll
0x00007ffd06cf0000 - 0x00007ffd06d06000 	C:\Program Files\Android\Android Studio\jre\jre\bin\zip.dll
0x00007ffd0bd80000 - 0x00007ffd0c465000 	C:\WINDOWS\System32\SHELL32.dll
0x00007ffd0d6f0000 - 0x00007ffd0d799000 	C:\WINDOWS\System32\shcore.dll
0x00007ffd0ac70000 - 0x00007ffd0b3ee000 	C:\WINDOWS\System32\windows.storage.dll
0x00007ffd0a810000 - 0x00007ffd0a82f000 	C:\WINDOWS\System32\profapi.dll
0x00007ffd0a7a0000 - 0x00007ffd0a7ea000 	C:\WINDOWS\System32\powrprof.dll
0x00007ffd0a770000 - 0x00007ffd0a780000 	C:\WINDOWS\System32\UMPDC.dll
0x00007ffd0ce40000 - 0x00007ffd0ce92000 	C:\WINDOWS\System32\shlwapi.dll
0x00007ffd0a780000 - 0x00007ffd0a791000 	C:\WINDOWS\System32\kernel.appcore.dll
0x00007ffd0b930000 - 0x00007ffd0b947000 	C:\WINDOWS\System32\cryptsp.dll
0x00007ffd03390000 - 0x00007ffd033aa000 	C:\Program Files\Android\Android Studio\jre\jre\bin\net.dll
0x00007ffd09fe0000 - 0x00007ffd0a047000 	C:\WINDOWS\system32\mswsock.dll
0x00007ffcfd870000 - 0x00007ffcfd881000 	C:\Program Files\Android\Android Studio\jre\jre\bin\nio.dll
0x00007ffcf5da0000 - 0x00007ffcf5dc6000 	C:\Users\heran\.gradle\native\29\windows-amd64\native-platform.dll
0x00007ffd04320000 - 0x00007ffd0432d000 	C:\Program Files\Android\Android Studio\jre\jre\bin\management.dll
0x00007ffd09b50000 - 0x00007ffd09b83000 	C:\WINDOWS\system32\rsaenh.dll
0x00007ffd0a830000 - 0x00007ffd0a856000 	C:\WINDOWS\System32\bcrypt.dll
0x00007ffd0a690000 - 0x00007ffd0a6b5000 	C:\WINDOWS\SYSTEM32\USERENV.dll
0x00007ffd0a1b0000 - 0x00007ffd0a1bc000 	C:\WINDOWS\SYSTEM32\CRYPTBASE.dll
0x00007ffd09cf0000 - 0x00007ffd09d2a000 	C:\WINDOWS\SYSTEM32\IPHLPAPI.DLL
0x00007ffd0d340000 - 0x00007ffd0d348000 	C:\WINDOWS\System32\NSI.dll
0x00007ffcff530000 - 0x00007ffcff546000 	C:\WINDOWS\SYSTEM32\dhcpcsvc6.DLL
0x00007ffd014e0000 - 0x00007ffd014fc000 	C:\WINDOWS\SYSTEM32\dhcpcsvc.DLL
0x00007ffd09d30000 - 0x00007ffd09dfa000 	C:\WINDOWS\SYSTEM32\DNSAPI.dll

VM Arguments:
jvm_args: -XX:MaxMetaspaceSize=256m -XX:+HeapDumpOnOutOfMemoryError -Xms256m -Xmx512m -Dfile.encoding=windows-1252 -Duser.country=US -Duser.language=en -Duser.variant 
java_command: org.gradle.launcher.daemon.bootstrap.GradleDaemon 5.4.1
java_class_path (initial): C:\Users\heran\.gradle\wrapper\dists\gradle-5.4.1-all\3221gyojl5jsh0helicew7rwx\gradle-5.4.1\lib\gradle-launcher-5.4.1.jar
Launcher Type: SUN_STANDARD

Environment Variables:
JAVA_HOME=C:\Program Files\Java\jdk1.8.0_221
CLASSPATH=.;
PATH=C:\Python27\;C:\Python27\Scripts;C:\ProgramData\Oracle\Java\javapath;C:\Program Files (x86)\Falcon\MinGW\bin;C:\WINDOWS\system32;C:\WINDOWS;C:\WINDOWS\System32\Wbem;C:\WINDOWS\System32\WindowsPowerShell\v1.0\;C:\WINDOWS\System32\OpenSSH\;C:\Program Files\Microsoft SQL Server\120\Tools\Binn\;c:\Program Files (x86)\Microsoft SQL Server\100\Tools\Binn\;c:\Program Files\Microsoft SQL Server\100\Tools\Binn\;c:\Program Files\Microsoft SQL Server\100\DTS\Binn\;C:\Program Files\Git\cmd;C:\idris\sqlite3;C:\ProgramData\chocolatey\bin;D:\angularsetup\AngularJs\;C:\Program Files\Java\jdk1.8.0_221\bin;C:\Users\heran\AppData\Local\Microsoft\WindowsApps;C:\sqlite3;C:\Users\heran\AppData\Local\Android\Sdk;C:\Users\heran\AppData\Local\Android\Sdk\platform-tools;C:\Users\heran\AppData\Roaming\npm;C:\Users\heran\AppData\Local\Programs\Microsoft VS Code\bin;
USERNAME=heran
OS=Windows_NT
PROCESSOR_IDENTIFIER=Intel64 Family 6 Model 78 Stepping 3, GenuineIntel



---------------  S Y S T E M  ---------------

OS: Windows 10.0 , 64 bit Build 18362 (10.0.18362.329)

CPU:total 4 (initial active 4) (2 cores per cpu, 2 threads per core) family 6 model 78 stepping 3, cmov, cx8, fxsr, mmx, sse, sse2, sse3, ssse3, sse4.1, sse4.2, popcnt, avx, avx2, aes, clmul, erms, 3dnowpref, lzcnt, ht, tsc, tscinvbit, bmi1, bmi2, adx

Memory: 4k page, physical 8238856k(2703104k free), swap 28795540k(1492k free)

vm_info: OpenJDK 64-Bit Server VM (25.202-b03) for windows-amd64 JRE (1.8.0_202-release-1483-b03), built by "builder" with MS VC++ 10.0 (VS2010)

time: Sat Oct 12 16:15:26 2019
timezone: E. Africa Standard Time
elapsed time: 9 seconds (0d 0h 0m 9s)

